<?xml version="1.0" encoding="UTF-8"?>
<!-- Generated by org.testng.reporters.JUnitReportReporter -->
<testsuite hostname="DESKTOP-5R9JTRR" failures="0" tests="1" name="testng.test02" time="0.021" errors="0" timestamp="2024-06-02T11:04:56 IST" skipped="0">
  <testcase classname="testng.test02" name="f" time="0.021"/>
</testsuite> <!-- testng.test02 -->
